<?xml version="1.0" encoding="UTF-8"?>
<!-- Generated by org.testng.reporters.JUnitReportReporter -->
<testsuite hostname="Chiru" failures="0" tests="1" name="prc.Factorial" time="0.012" errors="0" timestamp="2024-08-14T14:30:14 IST" skipped="0">
  <testcase classname="prc.Factorial" name="fact" time="0.012"/>
  <system-out/>
</testsuite> <!-- prc.Factorial -->
